Buildfile: /Users/zaki/fromsvn/kushikatsu_trunk/TeamKuShiKaTsu/KuShiKaTsu/build.xml
    [setup] Android SDK Tools Revision 9
    [setup] Project Target: Android 2.3.1
    [setup] API level: 9
    [setup] 
    [setup] ------------------
    [setup] Resolving library dependencies:
    [setup] /Users/zaki/fromsvn/kushikatsu_trunk/TeamKuShiKaTsu/KuShiKaTsu: ../nfc-felica-lib => /Users/zaki/fromsvn/kushikatsu_trunk/TeamKuShiKaTsu/nfc-felica-lib
    [setup] ------------------
    [setup] Ordered libraries:
    [setup] /Users/zaki/fromsvn/kushikatsu_trunk/TeamKuShiKaTsu/nfc-felica-lib
    [setup] ------------------
    [setup] 
    [setup] WARNING: Attribute minSdkVersion in AndroidManifest.xml (4) is lower than the project target API level (9)
    [setup] 
    [setup] Importing rules file: tools/ant/main_rules.xml

-set-release-mode:

-release-obfuscation-check:

-dirs:
     [echo] Creating output directories if needed...
    [mkdir] Created dir: /Users/zaki/fromsvn/kushikatsu_trunk/TeamKuShiKaTsu/KuShiKaTsu/bin
    [mkdir] Created dir: /Users/zaki/fromsvn/kushikatsu_trunk/TeamKuShiKaTsu/KuShiKaTsu/gen
    [mkdir] Created dir: /Users/zaki/fromsvn/kushikatsu_trunk/TeamKuShiKaTsu/KuShiKaTsu/bin/classes

-pre-build:

-resource-src:
     [echo] Generating R.java / Manifest.java from the resources...

-aidl:
     [echo] Compiling aidl files into Java classes...

-pre-compile:

compile:
    [javac] /Applications/android-sdk-mac_x86/tools/ant/main_rules.xml:361: warning: 'includeantruntime' was not set, defaulting to build.sysclasspath=last; set to false for repeatable builds
    [javac] Compiling 32 source files to /Users/zaki/fromsvn/kushikatsu_trunk/TeamKuShiKaTsu/KuShiKaTsu/bin/classes
    [javac] Creating empty /Users/zaki/fromsvn/kushikatsu_trunk/TeamKuShiKaTsu/KuShiKaTsu/bin/classes/jp/andeb/kushikatsu/package-info.class
    [javac] Creating empty /Users/zaki/fromsvn/kushikatsu_trunk/TeamKuShiKaTsu/KuShiKaTsu/bin/classes/jp/andeb/kushikatsu/util/package-info.class
    [javac] Creating empty /Users/zaki/fromsvn/kushikatsu_trunk/TeamKuShiKaTsu/KuShiKaTsu/bin/classes/jp/andeb/kushikatsu/helper/package-info.class

-post-compile:

-obfuscate:
    [mkdir] Created dir: /Users/zaki/fromsvn/kushikatsu_trunk/TeamKuShiKaTsu/KuShiKaTsu/bin/proguard
      [jar] Building jar: /Users/zaki/fromsvn/kushikatsu_trunk/TeamKuShiKaTsu/KuShiKaTsu/bin/proguard/original.jar
 [proguard] ProGuard, version 4.4
 [proguard] ProGuard is released under the GNU General Public License. The authors of all
 [proguard] programs or plugins that link to it (com.android.ant, ...) therefore
 [proguard] must ensure that these programs carry the GNU General Public License as well.
 [proguard] Reading input...
 [proguard] Reading program jar [/Users/zaki/fromsvn/kushikatsu_trunk/TeamKuShiKaTsu/KuShiKaTsu/bin/proguard/original.jar]
 [proguard] Reading program jar [/Users/zaki/fromsvn/kushikatsu_trunk/TeamKuShiKaTsu/KuShiKaTsu/libs/MFCUtility_1.0.1.jar]
 [proguard] Reading library jar [/Applications/android-sdk-mac_x86/platforms/android-9/android.jar]
 [proguard] Initializing...
 [proguard] Note: net.kazzz.felica.lib.FeliCaLib: can't find dynamically referenced class android.nfc.Tag
 [proguard] Note: the configuration refers to the unknown class 'com.android.vending.licensing.ILicensingService'
 [proguard] Note: there were 1 references to unknown classes.
 [proguard]       You should check your configuration for typos.
 [proguard] Note: there were 1 unresolved dynamic references to classes or interfaces.
 [proguard]       You should check if you need to specify additional program jars.
 [proguard] Ignoring unused library classes...
 [proguard]   Original number of library classes: 2750
 [proguard]   Final number of library classes:    282
 [proguard] Printing kept classes, fields, and methods...
 [proguard] Shrinking...
 [proguard] Printing usage to [/Users/zaki/fromsvn/kushikatsu_trunk/TeamKuShiKaTsu/KuShiKaTsu/bin/proguard/usage.txt]...
 [proguard] Removing unused program classes and class elements...
 [proguard]   Original number of program classes: 189
 [proguard]   Final number of program classes:    146
 [proguard] Optimizing...
 [proguard]   Number of finalized classes:                 64
 [proguard]   Number of vertically merged classes:         0   (disabled)
 [proguard]   Number of horizontally merged classes:       0   (disabled)
 [proguard]   Number of removed write-only fields:         0   (disabled)
 [proguard]   Number of privatized fields:                 61   (disabled)
 [proguard]   Number of inlined constant fields:           175   (disabled)
 [proguard]   Number of privatized methods:                113
 [proguard]   Number of staticized methods:                75
 [proguard]   Number of finalized methods:                 303
 [proguard]   Number of removed method parameters:         7
 [proguard]   Number of inlined constant parameters:       16
 [proguard]   Number of inlined constant return values:    3
 [proguard]   Number of inlined short method calls:        2
 [proguard]   Number of inlined unique method calls:       160
 [proguard]   Number of inlined tail recursion calls:      0
 [proguard]   Number of merged code blocks:                0
 [proguard]   Number of variable peephole optimizations:   263
 [proguard]   Number of arithmetic peephole optimizations: 0   (disabled)
 [proguard]   Number of cast peephole optimizations:       0
 [proguard]   Number of field peephole optimizations:      2
 [proguard]   Number of branch peephole optimizations:     30
 [proguard]   Number of simplified instructions:           50
 [proguard]   Number of removed instructions:              3255
 [proguard]   Number of removed local variables:           22
 [proguard]   Number of removed exception blocks:          3
 [proguard]   Number of optimized local variable frames:   232
 [proguard] Shrinking...
 [proguard] Removing unused program classes and class elements...
 [proguard]   Original number of program classes: 146
 [proguard]   Final number of program classes:    145
 [proguard] Optimizing...
 [proguard]   Number of finalized classes:                 0
 [proguard]   Number of vertically merged classes:         0   (disabled)
 [proguard]   Number of horizontally merged classes:       0   (disabled)
 [proguard]   Number of removed write-only fields:         0   (disabled)
 [proguard]   Number of privatized fields:                 0   (disabled)
 [proguard]   Number of inlined constant fields:           172   (disabled)
 [proguard]   Number of privatized methods:                0
 [proguard]   Number of staticized methods:                0
 [proguard]   Number of finalized methods:                 0
 [proguard]   Number of removed method parameters:         11
 [proguard]   Number of inlined constant parameters:       8
 [proguard]   Number of inlined constant return values:    2
 [proguard]   Number of inlined short method calls:        0
 [proguard]   Number of inlined unique method calls:       0
 [proguard]   Number of inlined tail recursion calls:      0
 [proguard]   Number of merged code blocks:                10
 [proguard]   Number of variable peephole optimizations:   38
 [proguard]   Number of arithmetic peephole optimizations: 0   (disabled)
 [proguard]   Number of cast peephole optimizations:       0
 [proguard]   Number of field peephole optimizations:      0
 [proguard]   Number of branch peephole optimizations:     13
 [proguard]   Number of simplified instructions:           4
 [proguard]   Number of removed instructions:              230
 [proguard]   Number of removed local variables:           13
 [proguard]   Number of removed exception blocks:          0
 [proguard]   Number of optimized local variable frames:   2
 [proguard] Shrinking...
 [proguard] Removing unused program classes and class elements...
 [proguard]   Original number of program classes: 145
 [proguard]   Final number of program classes:    145
 [proguard] Optimizing...
 [proguard]   Number of finalized classes:                 0
 [proguard]   Number of vertically merged classes:         0   (disabled)
 [proguard]   Number of horizontally merged classes:       0   (disabled)
 [proguard]   Number of removed write-only fields:         0   (disabled)
 [proguard]   Number of privatized fields:                 0   (disabled)
 [proguard]   Number of inlined constant fields:           172   (disabled)
 [proguard]   Number of privatized methods:                0
 [proguard]   Number of staticized methods:                0
 [proguard]   Number of finalized methods:                 0
 [proguard]   Number of removed method parameters:         0
 [proguard]   Number of inlined constant parameters:       0
 [proguard]   Number of inlined constant return values:    2
 [proguard]   Number of inlined short method calls:        0
 [proguard]   Number of inlined unique method calls:       0
 [proguard]   Number of inlined tail recursion calls:      0
 [proguard]   Number of merged code blocks:                0
 [proguard]   Number of variable peephole optimizations:   0
 [proguard]   Number of arithmetic peephole optimizations: 0   (disabled)
 [proguard]   Number of cast peephole optimizations:       0
 [proguard]   Number of field peephole optimizations:      0
 [proguard]   Number of branch peephole optimizations:     0
 [proguard]   Number of simplified instructions:           0
 [proguard]   Number of removed instructions:              6
 [proguard]   Number of removed local variables:           1
 [proguard]   Number of removed exception blocks:          0
 [proguard]   Number of optimized local variable frames:   0
 [proguard] Shrinking...
 [proguard] Removing unused program classes and class elements...
 [proguard]   Original number of program classes: 145
 [proguard]   Final number of program classes:    145
 [proguard] Optimizing...
 [proguard]   Number of finalized classes:                 0
 [proguard]   Number of vertically merged classes:         0   (disabled)
 [proguard]   Number of horizontally merged classes:       0   (disabled)
 [proguard]   Number of removed write-only fields:         0   (disabled)
 [proguard]   Number of privatized fields:                 0   (disabled)
 [proguard]   Number of inlined constant fields:           172   (disabled)
 [proguard]   Number of privatized methods:                0
 [proguard]   Number of staticized methods:                0
 [proguard]   Number of finalized methods:                 0
 [proguard]   Number of removed method parameters:         0
 [proguard]   Number of inlined constant parameters:       0
 [proguard]   Number of inlined constant return values:    2
 [proguard]   Number of inlined short method calls:        0
 [proguard]   Number of inlined unique method calls:       0
 [proguard]   Number of inlined tail recursion calls:      0
 [proguard]   Number of merged code blocks:                0
 [proguard]   Number of variable peephole optimizations:   0
 [proguard]   Number of arithmetic peephole optimizations: 0   (disabled)
 [proguard]   Number of cast peephole optimizations:       0
 [proguard]   Number of field peephole optimizations:      0
 [proguard]   Number of branch peephole optimizations:     0
 [proguard]   Number of simplified instructions:           0
 [proguard]   Number of removed instructions:              0
 [proguard]   Number of removed local variables:           0
 [proguard]   Number of removed exception blocks:          0
 [proguard]   Number of optimized local variable frames:   0
 [proguard] Shrinking...
 [proguard] Removing unused program classes and class elements...
 [proguard]   Original number of program classes: 145
 [proguard]   Final number of program classes:    145
 [proguard] Optimizing...
 [proguard]   Number of finalized classes:                 0
 [proguard]   Number of vertically merged classes:         0   (disabled)
 [proguard]   Number of horizontally merged classes:       0   (disabled)
 [proguard]   Number of removed write-only fields:         0   (disabled)
 [proguard]   Number of privatized fields:                 0   (disabled)
 [proguard]   Number of inlined constant fields:           172   (disabled)
 [proguard]   Number of privatized methods:                0
 [proguard]   Number of staticized methods:                0
 [proguard]   Number of finalized methods:                 0
 [proguard]   Number of removed method parameters:         0
 [proguard]   Number of inlined constant parameters:       0
 [proguard]   Number of inlined constant return values:    2
 [proguard]   Number of inlined short method calls:        0
 [proguard]   Number of inlined unique method calls:       0
 [proguard]   Number of inlined tail recursion calls:      0
 [proguard]   Number of merged code blocks:                0
 [proguard]   Number of variable peephole optimizations:   0
 [proguard]   Number of arithmetic peephole optimizations: 0   (disabled)
 [proguard]   Number of cast peephole optimizations:       0
 [proguard]   Number of field peephole optimizations:      0
 [proguard]   Number of branch peephole optimizations:     0
 [proguard]   Number of simplified instructions:           0
 [proguard]   Number of removed instructions:              0
 [proguard]   Number of removed local variables:           0
 [proguard]   Number of removed exception blocks:          0
 [proguard]   Number of optimized local variable frames:   0
 [proguard] Shrinking...
 [proguard] Removing unused program classes and class elements...
 [proguard]   Original number of program classes: 145
 [proguard]   Final number of program classes:    145
 [proguard] Obfuscating...
 [proguard] Printing mapping to [/Users/zaki/fromsvn/kushikatsu_trunk/TeamKuShiKaTsu/KuShiKaTsu/bin/proguard/mapping.txt]...
 [proguard] Writing output...
 [proguard] Preparing output jar [/Users/zaki/fromsvn/kushikatsu_trunk/TeamKuShiKaTsu/KuShiKaTsu/bin/proguard/obfuscated.jar]
 [proguard]   Copying resources from program jar [/Users/zaki/fromsvn/kushikatsu_trunk/TeamKuShiKaTsu/KuShiKaTsu/bin/proguard/original.jar]
 [proguard]   Copying resources from program jar [/Users/zaki/fromsvn/kushikatsu_trunk/TeamKuShiKaTsu/KuShiKaTsu/libs/MFCUtility_1.0.1.jar]
 [proguard] Warning: can't write resource [META-INF/MANIFEST.MF] (Duplicate zip entry [MFCUtility_1.0.1.jar:META-INF/MANIFEST.MF])
 [proguard] Printing classes to [/Users/zaki/fromsvn/kushikatsu_trunk/TeamKuShiKaTsu/KuShiKaTsu/bin/proguard/dump.txt]...

-dex:
     [echo] Converting compiled files and external libraries into /Users/zaki/fromsvn/kushikatsu_trunk/TeamKuShiKaTsu/KuShiKaTsu/bin/classes.dex...

-package-resources:
     [echo] Packaging resources
     [aapt] Creating full resource package...

-package-release:
[apkbuilder] Creating PrefActivity-unsigned.apk for release...

-release-prompt-for-password:
    [input] Please enter keystore password (store:/Users/zaki/.android/release.keystore):
    [input] Please enter password for alias 'android_app_release':

-release-nosign:

release:
     [echo] Signing final apk...
  [signjar] Signing JAR: /Users/zaki/fromsvn/kushikatsu_trunk/TeamKuShiKaTsu/KuShiKaTsu/bin/PrefActivity-unsigned.apk to /Users/zaki/fromsvn/kushikatsu_trunk/TeamKuShiKaTsu/KuShiKaTsu/bin/PrefActivity-unaligned.apk as android_app_release
     [echo] Running zip align on final apk...
     [echo] Release Package: /Users/zaki/fromsvn/kushikatsu_trunk/TeamKuShiKaTsu/KuShiKaTsu/bin/PrefActivity-release.apk

BUILD SUCCESSFUL
Total time: 23 seconds
