Buildfile: /Users/zaki/fromsvn/kushikatsu_trunk/TeamKuShiKaTsu/KuShiKaTsu/build.xml
    [setup] Android SDK Tools Revision 8
    [setup] Project Target: Android 1.6
    [setup] API level: 4
    [setup] 
    [setup] ------------------
    [setup] Resolving library dependencies:
    [setup] No library dependencies.
    [setup] 
    [setup] ------------------
    [setup] 
    [setup] 
    [setup] Importing rules file: tools/ant/main_rules.xml

-set-release-mode:

-release-obfuscation-check:

-dirs:
     [echo] Creating output directories if needed...
    [mkdir] Created dir: /Users/zaki/fromsvn/kushikatsu_trunk/TeamKuShiKaTsu/KuShiKaTsu/bin
    [mkdir] Created dir: /Users/zaki/fromsvn/kushikatsu_trunk/TeamKuShiKaTsu/KuShiKaTsu/gen
    [mkdir] Created dir: /Users/zaki/fromsvn/kushikatsu_trunk/TeamKuShiKaTsu/KuShiKaTsu/bin/classes

-pre-build:

-resource-src:
     [echo] Generating R.java / Manifest.java from the resources...

-aidl:
     [echo] Compiling aidl files into Java classes...

-pre-compile:

compile:
    [javac] /Applications/android-sdk-mac_x86/tools/ant/main_rules.xml:361: warning: 'includeantruntime' was not set, defaulting to build.sysclasspath=last; set to false for repeatable builds
    [javac] Compiling 10 source files to /Users/zaki/fromsvn/kushikatsu_trunk/TeamKuShiKaTsu/KuShiKaTsu/bin/classes
    [javac] Creating empty /Users/zaki/fromsvn/kushikatsu_trunk/TeamKuShiKaTsu/KuShiKaTsu/bin/classes/jp/andeb/kushikatsu/package-info.class
    [javac] Creating empty /Users/zaki/fromsvn/kushikatsu_trunk/TeamKuShiKaTsu/KuShiKaTsu/bin/classes/jp/andeb/kushikatsu/util/package-info.class
    [javac] Creating empty /Users/zaki/fromsvn/kushikatsu_trunk/TeamKuShiKaTsu/KuShiKaTsu/bin/classes/jp/andeb/kushikatsu/helper/package-info.class

-post-compile:

-obfuscate:
    [mkdir] Created dir: /Users/zaki/fromsvn/kushikatsu_trunk/TeamKuShiKaTsu/KuShiKaTsu/bin/proguard
      [jar] Building jar: /Users/zaki/fromsvn/kushikatsu_trunk/TeamKuShiKaTsu/KuShiKaTsu/bin/proguard/original.jar
 [proguard] ProGuard, version 4.4
 [proguard] ProGuard is released under the GNU General Public License. The authors of all
 [proguard] programs or plugins that link to it (com.android.ant, ...) therefore
 [proguard] must ensure that these programs carry the GNU General Public License as well.
 [proguard] Reading input...
 [proguard] Reading program jar [/Users/zaki/fromsvn/kushikatsu_trunk/TeamKuShiKaTsu/KuShiKaTsu/bin/proguard/original.jar]
 [proguard] Reading program jar [/Users/zaki/fromsvn/kushikatsu_trunk/TeamKuShiKaTsu/KuShiKaTsu/libs/MFCUtility_1.0.1.jar]
 [proguard] Reading library jar [/Applications/android-sdk-mac_x86/platforms/android-4/android.jar]
 [proguard] Initializing...
 [proguard] Note: the configuration refers to the unknown class 'com.android.vending.licensing.ILicensingService'
 [proguard] Note: there were 1 references to unknown classes.
 [proguard]       You should check your configuration for typos.
 [proguard] Ignoring unused library classes...
 [proguard]   Original number of library classes: 2400
 [proguard]   Final number of library classes:    233
 [proguard] Printing kept classes, fields, and methods...
 [proguard] Shrinking...
 [proguard] Printing usage to [/Users/zaki/fromsvn/kushikatsu_trunk/TeamKuShiKaTsu/KuShiKaTsu/bin/proguard/usage.txt]...
 [proguard] Removing unused program classes and class elements...
 [proguard]   Original number of program classes: 145
 [proguard]   Final number of program classes:    126
 [proguard] Optimizing...
 [proguard]   Number of finalized classes:                 59
 [proguard]   Number of vertically merged classes:         0   (disabled)
 [proguard]   Number of horizontally merged classes:       0   (disabled)
 [proguard]   Number of removed write-only fields:         0   (disabled)
 [proguard]   Number of privatized fields:                 47   (disabled)
 [proguard]   Number of inlined constant fields:           142   (disabled)
 [proguard]   Number of privatized methods:                102
 [proguard]   Number of staticized methods:                75
 [proguard]   Number of finalized methods:                 273
 [proguard]   Number of removed method parameters:         5
 [proguard]   Number of inlined constant parameters:       14
 [proguard]   Number of inlined constant return values:    2
 [proguard]   Number of inlined short method calls:        2
 [proguard]   Number of inlined unique method calls:       132
 [proguard]   Number of inlined tail recursion calls:      0
 [proguard]   Number of merged code blocks:                0
 [proguard]   Number of variable peephole optimizations:   154
 [proguard]   Number of arithmetic peephole optimizations: 0   (disabled)
 [proguard]   Number of cast peephole optimizations:       0
 [proguard]   Number of field peephole optimizations:      1
 [proguard]   Number of branch peephole optimizations:     20
 [proguard]   Number of simplified instructions:           42
 [proguard]   Number of removed instructions:              3139
 [proguard]   Number of removed local variables:           19
 [proguard]   Number of removed exception blocks:          2
 [proguard]   Number of optimized local variable frames:   204
 [proguard] Shrinking...
 [proguard] Removing unused program classes and class elements...
 [proguard]   Original number of program classes: 126
 [proguard]   Final number of program classes:    125
 [proguard] Optimizing...
 [proguard]   Number of finalized classes:                 0
 [proguard]   Number of vertically merged classes:         0   (disabled)
 [proguard]   Number of horizontally merged classes:       0   (disabled)
 [proguard]   Number of removed write-only fields:         0   (disabled)
 [proguard]   Number of privatized fields:                 0   (disabled)
 [proguard]   Number of inlined constant fields:           139   (disabled)
 [proguard]   Number of privatized methods:                0
 [proguard]   Number of staticized methods:                0
 [proguard]   Number of finalized methods:                 0
 [proguard]   Number of removed method parameters:         8
 [proguard]   Number of inlined constant parameters:       6
 [proguard]   Number of inlined constant return values:    0
 [proguard]   Number of inlined short method calls:        0
 [proguard]   Number of inlined unique method calls:       0
 [proguard]   Number of inlined tail recursion calls:      0
 [proguard]   Number of merged code blocks:                9
 [proguard]   Number of variable peephole optimizations:   37
 [proguard]   Number of arithmetic peephole optimizations: 0   (disabled)
 [proguard]   Number of cast peephole optimizations:       0
 [proguard]   Number of field peephole optimizations:      0
 [proguard]   Number of branch peephole optimizations:     12
 [proguard]   Number of simplified instructions:           2
 [proguard]   Number of removed instructions:              150
 [proguard]   Number of removed local variables:           9
 [proguard]   Number of removed exception blocks:          0
 [proguard]   Number of optimized local variable frames:   1
 [proguard] Shrinking...
 [proguard] Removing unused program classes and class elements...
 [proguard]   Original number of program classes: 125
 [proguard]   Final number of program classes:    125
 [proguard] Optimizing...
 [proguard]   Number of finalized classes:                 0
 [proguard]   Number of vertically merged classes:         0   (disabled)
 [proguard]   Number of horizontally merged classes:       0   (disabled)
 [proguard]   Number of removed write-only fields:         0   (disabled)
 [proguard]   Number of privatized fields:                 0   (disabled)
 [proguard]   Number of inlined constant fields:           139   (disabled)
 [proguard]   Number of privatized methods:                0
 [proguard]   Number of staticized methods:                0
 [proguard]   Number of finalized methods:                 0
 [proguard]   Number of removed method parameters:         0
 [proguard]   Number of inlined constant parameters:       0
 [proguard]   Number of inlined constant return values:    0
 [proguard]   Number of inlined short method calls:        0
 [proguard]   Number of inlined unique method calls:       0
 [proguard]   Number of inlined tail recursion calls:      0
 [proguard]   Number of merged code blocks:                0
 [proguard]   Number of variable peephole optimizations:   0
 [proguard]   Number of arithmetic peephole optimizations: 0   (disabled)
 [proguard]   Number of cast peephole optimizations:       0
 [proguard]   Number of field peephole optimizations:      0
 [proguard]   Number of branch peephole optimizations:     0
 [proguard]   Number of simplified instructions:           0
 [proguard]   Number of removed instructions:              4
 [proguard]   Number of removed local variables:           1
 [proguard]   Number of removed exception blocks:          0
 [proguard]   Number of optimized local variable frames:   0
 [proguard] Shrinking...
 [proguard] Removing unused program classes and class elements...
 [proguard]   Original number of program classes: 125
 [proguard]   Final number of program classes:    125
 [proguard] Optimizing...
 [proguard]   Number of finalized classes:                 0
 [proguard]   Number of vertically merged classes:         0   (disabled)
 [proguard]   Number of horizontally merged classes:       0   (disabled)
 [proguard]   Number of removed write-only fields:         0   (disabled)
 [proguard]   Number of privatized fields:                 0   (disabled)
 [proguard]   Number of inlined constant fields:           139   (disabled)
 [proguard]   Number of privatized methods:                0
 [proguard]   Number of staticized methods:                0
 [proguard]   Number of finalized methods:                 0
 [proguard]   Number of removed method parameters:         0
 [proguard]   Number of inlined constant parameters:       0
 [proguard]   Number of inlined constant return values:    0
 [proguard]   Number of inlined short method calls:        0
 [proguard]   Number of inlined unique method calls:       0
 [proguard]   Number of inlined tail recursion calls:      0
 [proguard]   Number of merged code blocks:                0
 [proguard]   Number of variable peephole optimizations:   0
 [proguard]   Number of arithmetic peephole optimizations: 0   (disabled)
 [proguard]   Number of cast peephole optimizations:       0
 [proguard]   Number of field peephole optimizations:      0
 [proguard]   Number of branch peephole optimizations:     0
 [proguard]   Number of simplified instructions:           0
 [proguard]   Number of removed instructions:              0
 [proguard]   Number of removed local variables:           0
 [proguard]   Number of removed exception blocks:          0
 [proguard]   Number of optimized local variable frames:   0
 [proguard] Shrinking...
 [proguard] Removing unused program classes and class elements...
 [proguard]   Original number of program classes: 125
 [proguard]   Final number of program classes:    125
 [proguard] Optimizing...
 [proguard]   Number of finalized classes:                 0
 [proguard]   Number of vertically merged classes:         0   (disabled)
 [proguard]   Number of horizontally merged classes:       0   (disabled)
 [proguard]   Number of removed write-only fields:         0   (disabled)
 [proguard]   Number of privatized fields:                 0   (disabled)
 [proguard]   Number of inlined constant fields:           139   (disabled)
 [proguard]   Number of privatized methods:                0
 [proguard]   Number of staticized methods:                0
 [proguard]   Number of finalized methods:                 0
 [proguard]   Number of removed method parameters:         0
 [proguard]   Number of inlined constant parameters:       0
 [proguard]   Number of inlined constant return values:    0
 [proguard]   Number of inlined short method calls:        0
 [proguard]   Number of inlined unique method calls:       0
 [proguard]   Number of inlined tail recursion calls:      0
 [proguard]   Number of merged code blocks:                0
 [proguard]   Number of variable peephole optimizations:   0
 [proguard]   Number of arithmetic peephole optimizations: 0   (disabled)
 [proguard]   Number of cast peephole optimizations:       0
 [proguard]   Number of field peephole optimizations:      0
 [proguard]   Number of branch peephole optimizations:     0
 [proguard]   Number of simplified instructions:           0
 [proguard]   Number of removed instructions:              0
 [proguard]   Number of removed local variables:           0
 [proguard]   Number of removed exception blocks:          0
 [proguard]   Number of optimized local variable frames:   0
 [proguard] Shrinking...
 [proguard] Removing unused program classes and class elements...
 [proguard]   Original number of program classes: 125
 [proguard]   Final number of program classes:    125
 [proguard] Obfuscating...
 [proguard] Printing mapping to [/Users/zaki/fromsvn/kushikatsu_trunk/TeamKuShiKaTsu/KuShiKaTsu/bin/proguard/mapping.txt]...
 [proguard] Writing output...
 [proguard] Preparing output jar [/Users/zaki/fromsvn/kushikatsu_trunk/TeamKuShiKaTsu/KuShiKaTsu/bin/proguard/obfuscated.jar]
 [proguard]   Copying resources from program jar [/Users/zaki/fromsvn/kushikatsu_trunk/TeamKuShiKaTsu/KuShiKaTsu/bin/proguard/original.jar]
 [proguard]   Copying resources from program jar [/Users/zaki/fromsvn/kushikatsu_trunk/TeamKuShiKaTsu/KuShiKaTsu/libs/MFCUtility_1.0.1.jar]
 [proguard] Warning: can't write resource [META-INF/MANIFEST.MF] (Duplicate zip entry [MFCUtility_1.0.1.jar:META-INF/MANIFEST.MF])
 [proguard] Printing classes to [/Users/zaki/fromsvn/kushikatsu_trunk/TeamKuShiKaTsu/KuShiKaTsu/bin/proguard/dump.txt]...

-dex:
     [echo] Converting compiled files and external libraries into /Users/zaki/fromsvn/kushikatsu_trunk/TeamKuShiKaTsu/KuShiKaTsu/bin/classes.dex...

-package-resources:
     [echo] Packaging resources
     [aapt] Creating full resource package...

-package-release:
[apkbuilder] Creating PrefActivity-unsigned.apk for release...

-release-prompt-for-password:
    [input] Please enter keystore password (store:/Users/zaki/.android/release.keystore):
    [input] Please enter password for alias 'android_app_release':

-release-nosign:

release:
     [echo] Signing final apk...
  [signjar] Signing JAR: /Users/zaki/fromsvn/kushikatsu_trunk/TeamKuShiKaTsu/KuShiKaTsu/bin/PrefActivity-unsigned.apk to /Users/zaki/fromsvn/kushikatsu_trunk/TeamKuShiKaTsu/KuShiKaTsu/bin/PrefActivity-unaligned.apk as android_app_release
     [echo] Running zip align on final apk...
     [echo] Release Package: /Users/zaki/fromsvn/kushikatsu_trunk/TeamKuShiKaTsu/KuShiKaTsu/bin/PrefActivity-release.apk

BUILD SUCCESSFUL
Total time: 21 seconds
